<?xml version="1.0" encoding="UTF-8" ?>
<testsuite failures="1" time="0.25" errors="0" skipped="0" tests="5" name="esensoft.server.TestResponse">
  <properties>
    <property name="java.runtime.name" value="Java(TM) SE Runtime Environment"/>
    <property name="sun.boot.library.path" value="D:\eclipse\jre\bin"/>
    <property name="java.vm.version" value="10.0-b19"/>
    <property name="java.vm.vendor" value="Sun Microsystems Inc."/>
    <property name="java.vendor.url" value="http://java.sun.com/"/>
    <property name="path.separator" value=";"/>
    <property name="java.vm.name" value="Java HotSpot(TM) Client VM"/>
    <property name="file.encoding.pkg" value="sun.io"/>
    <property name="user.country" value="CN"/>
    <property name="sun.java.launcher" value="SUN_STANDARD"/>
    <property name="sun.os.patch.level" value="Service Pack 3"/>
    <property name="java.vm.specification.name" value="Java Virtual Machine Specification"/>
    <property name="user.dir" value="D:\githome\githome\server1"/>
    <property name="java.runtime.version" value="1.6.0_05-b13"/>
    <property name="java.awt.graphicsenv" value="sun.awt.Win32GraphicsEnvironment"/>
    <property name="basedir" value="D:\githome\githome\server1"/>
    <property name="java.endorsed.dirs" value="D:\eclipse\jre\lib\endorsed"/>
    <property name="os.arch" value="x86"/>
    <property name="surefire.real.class.path" value="D:\githome\githome\server1\target\surefire\surefirebooter32707.jar"/>
    <property name="java.io.tmpdir" value="D:\Temp\"/>
    <property name="line.separator" value="
"/>
    <property name="java.vm.specification.vendor" value="Sun Microsystems Inc."/>
    <property name="user.variant" value=""/>
    <property name="os.name" value="Windows XP"/>
    <property name="sun.jnu.encoding" value="GB18030"/>
    <property name="java.library.path" value="D:\eclipse\jre\bin;.;C:\WINDOWS\Sun\Java\bin;C:\WINDOWS\system32;C:\WINDOWS;C:\WINDOWS\system32;C:\WINDOWS;C:\WINDOWS\system32\WBEM;F:\oracle\product\10.2.0\db_1\bin;C:\Program Files\Java\jdk1.6.0_10\bin;C:\Program Files\Java\jre6\bin;C:\Program Files\Common Files\Thunder Network\KanKan\Codecs;D:\vc6\Tools\WinNT;D:\vc6\MSDev98\Bin;D:\vc6\Tools;D:\Microsoft Visual Studio\VC98\bin"/>
    <property name="surefire.test.class.path" value="D:\githome\githome\server1\target\test-classes;D:\githome\githome\server1\target\classes;C:\Documents and Settings\Administrator\.m2\repository\org\slf4j\slf4j-api\1.6.1\slf4j-api-1.6.1.jar;C:\Documents and Settings\Administrator\.m2\repository\ch\qos\logback\logback-classic\0.9.29\logback-classic-0.9.29.jar;C:\Documents and Settings\Administrator\.m2\repository\ch\qos\logback\logback-core\0.9.29\logback-core-0.9.29.jar;C:\Documents and Settings\Administrator\.m2\repository\junit\junit\4.8.2\junit-4.8.2.jar;"/>
    <property name="java.specification.name" value="Java Platform API Specification"/>
    <property name="java.class.version" value="50.0"/>
    <property name="sun.management.compiler" value="HotSpot Client Compiler"/>
    <property name="os.version" value="5.1"/>
    <property name="user.home" value="C:\Documents and Settings\Administrator"/>
    <property name="user.timezone" value="Asia/Shanghai"/>
    <property name="java.awt.printerjob" value="sun.awt.windows.WPrinterJob"/>
    <property name="java.specification.version" value="1.6"/>
    <property name="file.encoding" value="GB18030"/>
    <property name="user.name" value="Administrator"/>
    <property name="java.class.path" value="D:\githome\githome\server1\target\test-classes;D:\githome\githome\server1\target\classes;C:\Documents and Settings\Administrator\.m2\repository\org\slf4j\slf4j-api\1.6.1\slf4j-api-1.6.1.jar;C:\Documents and Settings\Administrator\.m2\repository\ch\qos\logback\logback-classic\0.9.29\logback-classic-0.9.29.jar;C:\Documents and Settings\Administrator\.m2\repository\ch\qos\logback\logback-core\0.9.29\logback-core-0.9.29.jar;C:\Documents and Settings\Administrator\.m2\repository\junit\junit\4.8.2\junit-4.8.2.jar;"/>
    <property name="java.vm.specification.version" value="1.0"/>
    <property name="sun.arch.data.model" value="32"/>
    <property name="java.home" value="D:\eclipse\jre"/>
    <property name="java.specification.vendor" value="Sun Microsystems Inc."/>
    <property name="user.language" value="zh"/>
    <property name="awt.toolkit" value="sun.awt.windows.WToolkit"/>
    <property name="java.vm.info" value="mixed mode, sharing"/>
    <property name="java.version" value="1.6.0_05"/>
    <property name="java.ext.dirs" value="D:\eclipse\jre\lib\ext;C:\WINDOWS\Sun\Java\lib\ext"/>
    <property name="sun.boot.class.path" value="D:\eclipse\jre\lib\resources.jar;D:\eclipse\jre\lib\rt.jar;D:\eclipse\jre\lib\sunrsasign.jar;D:\eclipse\jre\lib\jsse.jar;D:\eclipse\jre\lib\jce.jar;D:\eclipse\jre\lib\charsets.jar;D:\eclipse\jre\classes"/>
    <property name="java.vendor" value="Sun Microsystems Inc."/>
    <property name="localRepository" value="C:\Documents and Settings\Administrator\.m2\repository"/>
    <property name="file.separator" value="\"/>
    <property name="java.vendor.url.bug" value="http://java.sun.com/cgi-bin/bugreport.cgi"/>
    <property name="sun.cpu.endian" value="little"/>
    <property name="sun.io.unicode.encoding" value="UnicodeLittle"/>
    <property name="sun.desktop" value="windows"/>
    <property name="sun.cpu.isalist" value="pentium_pro+mmx pentium_pro pentium+mmx pentium i486 i386 i86"/>
  </properties>
  <testcase time="0.156" classname="esensoft.server.TestResponse" name="testGetUrlFromStream"/>
  <testcase time="0.032" classname="esensoft.server.TestResponse" name="testFileToBrowser">
    <failure message="expected:&lt;Content-Length: [542]&gt; but was:&lt;Content-Length: [464]&gt;" type="org.junit.ComparisonFailure">org.junit.ComparisonFailure: expected:&lt;Content-Length: [542]&gt; but was:&lt;Content-Length: [464]&gt;
	at org.junit.Assert.assertEquals(Assert.java:123)
	at org.junit.Assert.assertEquals(Assert.java:145)
	at esensoft.server.TestResponse.testFileToBrowser(TestResponse.java:220)
	at sun.reflect.NativeMethodAccessorImpl.invoke0(Native Method)
	at sun.reflect.NativeMethodAccessorImpl.invoke(NativeMethodAccessorImpl.java:39)
	at sun.reflect.DelegatingMethodAccessorImpl.invoke(DelegatingMethodAccessorImpl.java:25)
	at java.lang.reflect.Method.invoke(Method.java:597)
	at org.junit.runners.model.FrameworkMethod$1.runReflectiveCall(FrameworkMethod.java:44)
	at org.junit.internal.runners.model.ReflectiveCallable.run(ReflectiveCallable.java:15)
	at org.junit.runners.model.FrameworkMethod.invokeExplosively(FrameworkMethod.java:41)
	at org.junit.internal.runners.statements.InvokeMethod.evaluate(InvokeMethod.java:20)
	at org.junit.runners.BlockJUnit4ClassRunner.runNotIgnored(BlockJUnit4ClassRunner.java:79)
	at org.junit.runners.BlockJUnit4ClassRunner.runChild(BlockJUnit4ClassRunner.java:71)
	at org.junit.runners.BlockJUnit4ClassRunner.runChild(BlockJUnit4ClassRunner.java:49)
	at org.junit.runners.ParentRunner$3.run(ParentRunner.java:193)
	at org.junit.runners.ParentRunner$1.schedule(ParentRunner.java:52)
	at org.junit.runners.ParentRunner.runChildren(ParentRunner.java:191)
	at org.junit.runners.ParentRunner.access$000(ParentRunner.java:42)
	at org.junit.runners.ParentRunner$2.evaluate(ParentRunner.java:184)
	at org.junit.runners.ParentRunner.run(ParentRunner.java:236)
	at org.apache.maven.surefire.junit4.JUnit4TestSet.execute(JUnit4TestSet.java:35)
	at org.apache.maven.surefire.junit4.JUnit4Provider.executeTestSet(JUnit4Provider.java:146)
	at org.apache.maven.surefire.junit4.JUnit4Provider.invoke(JUnit4Provider.java:97)
	at sun.reflect.NativeMethodAccessorImpl.invoke0(Native Method)
	at sun.reflect.NativeMethodAccessorImpl.invoke(NativeMethodAccessorImpl.java:39)
	at sun.reflect.DelegatingMethodAccessorImpl.invoke(DelegatingMethodAccessorImpl.java:25)
	at java.lang.reflect.Method.invoke(Method.java:597)
	at org.apache.maven.surefire.booter.ProviderFactory$ClassLoaderProxy.invoke(ProviderFactory.java:103)
	at $Proxy0.invoke(Unknown Source)
	at org.apache.maven.surefire.booter.SurefireStarter.invokeProvider(SurefireStarter.java:145)
	at org.apache.maven.surefire.booter.SurefireStarter.runSuitesInProcess(SurefireStarter.java:87)
	at org.apache.maven.surefire.booter.ForkedBooter.main(ForkedBooter.java:69)
</failure>
    <system-out>16:04:52.187 [main]  ERROR esensoft.server.Response -
				程序要找的文件c:\t1e2s4t.txt找磁盘上找不到！将会用404页面来替代这个文件返回！
</system-out>
  </testcase>
  <testcase time="0" classname="esensoft.server.TestResponse" name="testSendHead"/>
  <testcase time="0.031" classname="esensoft.server.TestResponse" name="testSendFile"/>
  <testcase time="0" classname="esensoft.server.TestResponse" name="testGetMIMEtpye"/>
</testsuite>