<?xml version="1.0" encoding="UTF-8" ?>
<testsuite errors="1" failures="0" hostname="Dell4Chen" name="esensoft.server.serverTest" tests="1" time="0.0" timestamp="2011-08-02T10:26:07">
  <properties>
    <property name="java.runtime.name" value="Java(TM) SE Runtime Environment" />
    <property name="sun.boot.library.path" value="D:\eclipse\jre\bin" />
    <property name="java.vm.version" value="10.0-b19" />
    <property name="ant.library.dir" value="F:\dc\eclipse\plugins\org.apache.ant_1.7.1.v20100518-1145\lib" />
    <property name="ant.version" value="Apache Ant version 1.7.1 compiled on June 27 2008" />
    <property name="ant.java.version" value="1.6" />
    <property name="java.vm.vendor" value="Sun Microsystems Inc." />
    <property name="java.vendor.url" value="http://java.sun.com/" />
    <property name="path.separator" value=";" />
    <property name="java.vm.name" value="Java HotSpot(TM) Client VM" />
    <property name="file.encoding.pkg" value="sun.io" />
    <property name="user.country" value="CN" />
    <property name="sun.java.launcher" value="SUN_STANDARD" />
    <property name="sun.os.patch.level" value="Service Pack 3" />
    <property name="java.vm.specification.name" value="Java Virtual Machine Specification" />
    <property name="user.dir" value="D:\JAVA\Server" />
    <property name="java.runtime.version" value="1.6.0_05-b13" />
    <property name="java.awt.graphicsenv" value="sun.awt.Win32GraphicsEnvironment" />
    <property name="eclipse.pdebuild.scripts" value="/F:/dc/eclipse/plugins/org.eclipse.pde.build_3.6.0.v20100603/scripts/" />
    <property name="basedir" value="D:\JAVA\Server" />
    <property name="java.endorsed.dirs" value="D:\eclipse\jre\lib\endorsed" />
    <property name="os.arch" value="x86" />
    <property name="java.io.tmpdir" value="D:\Temp\" />
    <property name="ant.core.lib" value="F:\dc\eclipse\plugins\org.apache.ant_1.7.1.v20100518-1145\lib\ant.jar" />
    <property name="line.separator" value="
" />
    <property name="java.vm.specification.vendor" value="Sun Microsystems Inc." />
    <property name="user.variant" value="" />
    <property name="os.name" value="Windows XP" />
    <property name="ant.home" value="F:\dc\eclipse\plugins\org.apache.ant_1.7.1.v20100518-1145" />
    <property name="eclipse.pdebuild.templates" value="/F:/dc/eclipse/plugins/org.eclipse.pde.build_3.6.0.v20100603/templates/" />
    <property name="ant.project.name" value="connectToBroserTest" />
    <property name="sun.jnu.encoding" value="GB18030" />
    <property name="java.library.path" value="D:\eclipse\jre\bin;.;C:\WINDOWS\Sun\Java\bin;C:\WINDOWS\system32;C:\WINDOWS;C:\WINDOWS\system32;C:\WINDOWS;C:\WINDOWS\system32\WBEM;F:\oracle\product\10.2.0\db_1\bin;C:\Program Files\Java\jdk1.6.0_10\bin;C:\Program Files\Java\jre6\bin;C:\Program Files\Common Files\Thunder Network\KanKan\Codecs;D:\vc6\Tools\WinNT;D:\vc6\MSDev98\Bin;D:\vc6\Tools;D:\Microsoft Visual Studio\VC98\bin" />
    <property name="eclipse.pdebuild.home" value="/F:/dc/eclipse/plugins/org.eclipse.pde.build_3.6.0.v20100603/./" />
    <property name="java.class.version" value="50.0" />
    <property name="java.specification.name" value="Java Platform API Specification" />
    <property name="sun.management.compiler" value="HotSpot Client Compiler" />
    <property name="os.version" value="5.1" />
    <property name="ant.file" value="D:\JAVA\Server\build.xml" />
    <property name="user.home" value="C:\Documents and Settings\Administrator" />
    <property name="user.timezone" value="" />
    <property name="java.awt.printerjob" value="sun.awt.windows.WPrinterJob" />
    <property name="file.encoding" value="GB18030" />
    <property name="java.specification.version" value="1.6" />
    <property name="user.name" value="Administrator" />
    <property name="java.class.path" value="D:\JAVA\Server\classes;D:\JAVA\Server;C:\Program Files\Java\jdk1.6.0_10\lib;C:\Program Files\Java\jdk1.6.0_10\lib\tools.jar;D:\eclipse\plugins\org.junit_3.8.2.v3_8_2_v20100427-1100\junit.jar;F:\dc\eclipse\plugins\org.apache.ant_1.7.1.v20100518-1145\lib\ant-launcher.jar;F:\dc\eclipse\plugins\org.apache.ant_1.7.1.v20100518-1145\lib\ant.jar;F:\dc\eclipse\plugins\org.apache.ant_1.7.1.v20100518-1145\lib\ant-junit.jar" />
    <property name="report.dir" value="report" />
    <property name="java.vm.specification.version" value="1.0" />
    <property name="java.home" value="D:\eclipse\jre" />
    <property name="sun.arch.data.model" value="32" />
    <property name="java.specification.vendor" value="Sun Microsystems Inc." />
    <property name="user.language" value="zh" />
    <property name="classes.dir" value="classes/" />
    <property name="awt.toolkit" value="sun.awt.windows.WToolkit" />
    <property name="java.vm.info" value="mixed mode, sharing" />
    <property name="java.version" value="1.6.0_05" />
    <property name="java.ext.dirs" value="D:\eclipse\jre\lib\ext;C:\WINDOWS\Sun\Java\lib\ext" />
    <property name="sun.boot.class.path" value="D:\eclipse\jre\lib\resources.jar;D:\eclipse\jre\lib\rt.jar;D:\eclipse\jre\lib\sunrsasign.jar;D:\eclipse\jre\lib\jsse.jar;D:\eclipse\jre\lib\jce.jar;D:\eclipse\jre\lib\charsets.jar;D:\eclipse\jre\classes" />
    <property name="java.vendor" value="Sun Microsystems Inc." />
    <property name="file.separator" value="\" />
    <property name="ant.file.connectToBroserTest" value="D:\JAVA\Server\build.xml" />
    <property name="src.dir" value="src/" />
    <property name="java.vendor.url.bug" value="http://java.sun.com/cgi-bin/bugreport.cgi" />
    <property name="sun.cpu.endian" value="little" />
    <property name="sun.io.unicode.encoding" value="UnicodeLittle" />
    <property name="sun.desktop" value="windows" />
    <property name="sun.cpu.isalist" value="pentium_pro+mmx pentium_pro pentium+mmx pentium i486 i386 i86" />
  </properties>
  <error message="esensoft.server.serverTest" type="java.lang.ClassNotFoundException">java.lang.ClassNotFoundException: esensoft.server.serverTest
	at java.net.URLClassLoader$1.run(URLClassLoader.java:200)
	at java.security.AccessController.doPrivileged(Native Method)
	at java.net.URLClassLoader.findClass(URLClassLoader.java:188)
	at java.lang.ClassLoader.loadClass(ClassLoader.java:306)
	at sun.misc.Launcher$AppClassLoader.loadClass(Launcher.java:276)
	at java.lang.ClassLoader.loadClass(ClassLoader.java:251)
	at java.lang.ClassLoader.loadClassInternal(ClassLoader.java:319)
	at java.lang.Class.forName0(Native Method)
	at java.lang.Class.forName(Class.java:169)
</error>
  <system-out><![CDATA[]]></system-out>
  <system-err><![CDATA[]]></system-err>
</testsuite>
